<?xml version="1.0" encoding="UTF-8"?>
<!-- Generated by org.testng.reporters.JUnitReportReporter -->
<testsuite hostname="JarvisLaptop" failures="0" tests="1" name="Insurance.JavaScriptExecutorInSele" time="4.828" errors="0" timestamp="2022-11-25T09:17:17 IST" skipped="0">
  <testcase classname="Insurance.JavaScriptExecutorInSele" name="DragAndDropInSele" time="4.828"/>
  <system-out/>
</testsuite> <!-- Insurance.JavaScriptExecutorInSele -->
