<?xml version="1.0" encoding="UTF-8"?>
<!-- Generated by org.testng.reporters.JUnitReportReporter -->
<testsuite hostname="JarvisLaptop" failures="0" tests="1" name="Insurance.DragAndDropSelenium" time="7.293" errors="0" timestamp="2022-11-25T08:21:52 IST" skipped="0">
  <testcase classname="Insurance.DragAndDropSelenium" name="DragAndDropInSele" time="7.293"/>
  <system-out/>
</testsuite> <!-- Insurance.DragAndDropSelenium -->
