<?xml version="1.0" encoding="UTF-8"?>
<!-- Generated by org.testng.reporters.JUnitReportReporter -->
<testsuite hostname="JarvisLaptop" failures="0" tests="2" name="Insurance.DogInsuranceTest" time="0.012" errors="0" timestamp="2022-12-14T08:56:04 IST" skipped="0">
  <testcase classname="Insurance.DogInsuranceTest" name="WebLoginForD" time="0.011"/>
  <system-out/>
  <testcase classname="Insurance.DogInsuranceTest" name="MobileLoginForD" time="0.001"/>
  <system-out/>
</testsuite> <!-- Insurance.DogInsuranceTest -->
