<?xml version="1.0" encoding="UTF-8"?>
<!-- Generated by org.testng.reporters.JUnitReportReporter -->
<testsuite hostname="JarvisLaptop" failures="0" tests="1" name="Insurance.DataProvidersInTestNG" time="2.913" errors="0" timestamp="2022-11-16T09:10:36 IST" skipped="0">
  <testcase classname="Insurance.DataProvidersInTestNG" name="UsingDataProviderForLogin" time="2.913"/>
  <system-out/>
</testsuite> <!-- Insurance.DataProvidersInTestNG -->
