<?xml version="1.0" encoding="UTF-8"?>
<!-- Generated by org.testng.reporters.JUnitReportReporter -->
<testsuite hostname="JarvisLaptop" failures="0" tests="2" name="Insurance.LifeInsuranceTest" time="0.000" errors="0" timestamp="2022-11-22T08:44:48 IST" skipped="1">
  <testcase classname="Insurance.LifeInsuranceTest" name="MobileLoginForL" time="0.000"/>
  <system-out/>
  <testcase classname="Insurance.LifeInsuranceTest" name="WebLoginForL">
    <skipped/>
  </testcase> <!-- WebLoginForL -->
  <system-out/>
</testsuite> <!-- Insurance.LifeInsuranceTest -->
