<?xml version="1.0" encoding="UTF-8"?>
<!-- Generated by org.testng.reporters.JUnitReportReporter -->
<testsuite hostname="JarvisLaptop" failures="0" tests="2" name="Insurance.VehicleInsuranceTest" time="0.002" errors="0" timestamp="2022-11-22T08:44:48 IST" skipped="0">
  <testcase classname="Insurance.VehicleInsuranceTest" name="MobileLoginForV" time="0.001"/>
  <system-out/>
  <testcase classname="Insurance.VehicleInsuranceTest" name="WebLoginForV" time="0.001"/>
  <system-out/>
</testsuite> <!-- Insurance.VehicleInsuranceTest -->
