<?xml version="1.0" encoding="UTF-8"?>
<!-- Generated by org.testng.reporters.JUnitReportReporter -->
<testsuite hostname="JarvisLaptop" failures="0" tests="1" name="Insurance.MousehoverInSelenium" time="31.999" errors="0" timestamp="2022-11-23T09:19:25 IST" skipped="0">
  <testcase classname="Insurance.MousehoverInSelenium" name="ActionClassMousehover" time="31.999"/>
  <system-out/>
</testsuite> <!-- Insurance.MousehoverInSelenium -->
