<?xml version="1.0" encoding="UTF-8"?>
<!-- Generated by org.testng.reporters.JUnitReportReporter -->
<testsuite hostname="JarvisLaptop" failures="0" tests="1" name="Insurance.VariousClicksInSele" time="8.622" errors="0" timestamp="2022-11-24T09:10:04 IST" skipped="0">
  <testcase classname="Insurance.VariousClicksInSele" name="ClicksInSele" time="8.622"/>
  <system-out/>
</testsuite> <!-- Insurance.VariousClicksInSele -->
