<?xml version="1.0" encoding="UTF-8"?>
<!-- Generated by org.testng.reporters.JUnitReportReporter -->
<testsuite skipped="0" hostname="JarvisLaptop" name="Insurance.DogInsuranceTest" tests="2" failures="0" timestamp="2022-12-01T09:10:27 IST" time="0.009" errors="0">
  <testcase name="WebLoginForD" time="0.008" classname="Insurance.DogInsuranceTest"/>
  <system-out/>
  <testcase name="MobileLoginForD" time="0.001" classname="Insurance.DogInsuranceTest"/>
  <system-out/>
</testsuite> <!-- Insurance.DogInsuranceTest -->
