<?xml version="1.0" encoding="UTF-8"?>
<!-- Generated by org.testng.reporters.JUnitReportReporter -->
<testsuite hostname="JarvisLaptop" failures="0" tests="1" name="Swaglabs.VerifyUserLoginTest" time="3.104" errors="0" timestamp="2022-12-06T09:30:02 IST" skipped="0">
  <testcase classname="Swaglabs.VerifyUserLoginTest" name="UserLoginToSwagLabs" time="3.104"/>
  <system-out/>
</testsuite> <!-- Swaglabs.VerifyUserLoginTest -->
