<?xml version="1.0" encoding="UTF-8"?>
<!-- Generated by org.testng.reporters.JUnitReportReporter -->
<testsuite hostname="JarvisLaptop" failures="0" tests="2" name="com.Restaurant.Testcases.VerifyvaliduserLoginTest2" time="7.358" errors="0" timestamp="2023-03-08T07:47:21 EET" skipped="0">
  <testcase classname="com.Restaurant.Testcases.VerifyvaliduserLoginTest2" name="VerifyUserLogin" time="3.733"/>
  <system-out/>
  <testcase classname="com.Restaurant.Testcases.VerifyvaliduserLoginTest2" name="VerifyUserLogin" time="3.625"/>
  <system-out/>
</testsuite> <!-- com.Restaurant.Testcases.VerifyvaliduserLoginTest2 -->
