<?xml version="1.0" encoding="UTF-8"?>
<!-- Generated by org.testng.reporters.JUnitReportReporter -->
<testsuite hostname="JarvisLaptop" failures="0" tests="1" name="com.Restaurant.Testcases.VerifyvaliduserLoginTest" time="7.627" errors="0" timestamp="2023-03-21T23:08:00 EET" skipped="0">
  <testcase classname="com.Restaurant.Testcases.VerifyvaliduserLoginTest" name="VerifyUserLogin" time="7.627"/>
  <system-out/>
</testsuite> <!-- com.Restaurant.Testcases.VerifyvaliduserLoginTest -->
